<?xml version="1.0" encoding="UTF-8"?>
<!-- Generated by org.testng.reporters.JUnitReportReporter -->
<testsuite hostname="Vamsi" failures="0" tests="1" name="PracticeOthers.Sumofallcourses" time="2.996" errors="0" timestamp="2023-04-23T10:34:44 IST" skipped="0">
  <testcase classname="PracticeOthers.Sumofallcourses" name="sumofcourses" time="2.996"/>
  <system-out/>
</testsuite> <!-- PracticeOthers.Sumofallcourses -->
