<?xml version="1.0" encoding="UTF-8"?>
<!-- Generated by org.testng.reporters.JUnitReportReporter -->
<testsuite hostname="Vamsi" failures="0" tests="6" name="PracticeOthers.DynamicJson" time="9.292" errors="0" timestamp="2023-04-15T19:38:27 IST" skipped="0">
  <testcase classname="PracticeOthers.DynamicJson" name="f2" time="0.249"/>
  <system-out/>
  <testcase classname="PracticeOthers.DynamicJson" name="Addbook" time="0.402"/>
  <system-out/>
  <testcase classname="PracticeOthers.DynamicJson" name="f2" time="1.713"/>
  <system-out/>
  <testcase classname="PracticeOthers.DynamicJson" name="Addbook" time="6.323"/>
  <system-out/>
  <testcase classname="PracticeOthers.DynamicJson" name="f2" time="0.266"/>
  <system-out/>
  <testcase classname="PracticeOthers.DynamicJson" name="Addbook" time="0.339"/>
  <system-out/>
</testsuite> <!-- PracticeOthers.DynamicJson -->
